<?xml version="1.0" encoding="UTF-8"?>
<!-- Generated by org.testng.reporters.JUnitXMLReporter -->
<testsuite ignored="0" hostname="DESKTOP-JSR3MIF" failures="0" tests="3" name="Selenium" time="295.6" errors="0" timestamp="2023-03-17T10:37:25 IST">
  <testcase classname="tests.HomePageTests" name="cookieCheck" time="5.965"/>
  <testcase classname="tests.HomePageTests" name="logoCheck" time="4.44"/>
  <testcase classname="tests.HomePageTests" name="changeCountry" time="7.694"/>
</testsuite> <!-- Selenium -->
