<?xml version="1.0" encoding="UTF-8"?>
<!-- Generated by org.testng.reporters.JUnitXMLReporter -->
<testsuite ignored="0" hostname="DESKTOP-JSR3MIF" failures="0" tests="3" name="Selenium" time="92.665" errors="0" timestamp="2023-03-16T11:48:38 IST">
  <testcase classname="tests.HomePageTests" name="cookieCheck" time="5.75"/>
  <testcase classname="tests.HomePageTests" name="logoCheck" time="3.19"/>
  <testcase classname="tests.HomePageTests" name="changeCountry" time="6.655"/>
</testsuite> <!-- Selenium -->
