<?xml version="1.0" encoding="UTF-8"?>
<testng-results ignored="0" total="1" passed="1" failed="0" skipped="0">
  <reporter-output>
  </reporter-output>
  <suite started-at="2023-11-02T18:56:05 IST" name="Default Suite" finished-at="2023-11-02T18:56:14 IST" duration-ms="8567">
    <groups>
    </groups>
    <test started-at="2023-11-02T18:56:05 IST" name="Selenium" finished-at="2023-11-02T18:56:14 IST" duration-ms="8567">
      <class name="tests.HomePageTests">
        <test-method is-config="true" signature="setUp()[pri:0, instance:tests.HomePageTests@4f2c9ba6]" started-at="2023-11-02T18:56:05 IST" name="setUp" finished-at="2023-11-02T18:56:12 IST" duration-ms="7272" status="PASS">
          <reporter-output>
          </reporter-output>
        </test-method> <!-- setUp -->
        <test-method signature="HomePage()[pri:0, instance:tests.HomePageTests@4f2c9ba6]" started-at="2023-11-02T18:56:12 IST" name="HomePage" finished-at="2023-11-02T18:56:13 IST" duration-ms="757" status="PASS">
          <reporter-output>
          </reporter-output>
        </test-method> <!-- HomePage -->
        <test-method is-config="true" signature="tearDown()[pri:0, instance:tests.HomePageTests@4f2c9ba6]" started-at="2023-11-02T18:56:13 IST" name="tearDown" finished-at="2023-11-02T18:56:14 IST" duration-ms="455" status="PASS">
          <reporter-output>
          </reporter-output>
        </test-method> <!-- tearDown -->
      </class> <!-- tests.HomePageTests -->
    </test> <!-- Selenium -->
  </suite> <!-- Default Suite -->
</testng-results>
